20 INFO E:\王永健\王永健的文件夹\IntegratedProjects\ComputerHousekeeper\Task.py Task.py __init__ 28 2021-09-04 20:17:38,400 10308 MainThread 7556 初始化Task窗口
20 INFO E:\王永健\王永健的文件夹\IntegratedProjects\ComputerHousekeeper\Tool.py Tool.py __init__ 82 2021-09-04 20:17:38,640 10308 MainThread 7556 初始化ToolItemWidget
20 INFO E:\王永健\王永健的文件夹\IntegratedProjects\ComputerHousekeeper\Tool.py Tool.py __init__ 82 2021-09-04 20:17:38,694 10308 MainThread 7556 初始化ToolItemWidget
20 INFO E:\王永健\王永健的文件夹\IntegratedProjects\ComputerHousekeeper\Tool.py Tool.py __init__ 82 2021-09-04 20:17:38,725 10308 MainThread 7556 初始化ToolItemWidget
20 INFO E:\王永健\王永健的文件夹\IntegratedProjects\ComputerHousekeeper\Tool.py Tool.py __init__ 82 2021-09-04 20:17:38,749 10308 MainThread 7556 初始化ToolItemWidget
20 INFO E:\王永健\王永健的文件夹\IntegratedProjects\ComputerHousekeeper\Tool.py Tool.py __init__ 82 2021-09-04 20:17:38,779 10308 MainThread 7556 初始化ToolItemWidget
20 INFO E:\王永健\王永健的文件夹\IntegratedProjects\ComputerHousekeeper\Tool.py Tool.py __init__ 82 2021-09-04 20:17:38,822 10308 MainThread 7556 初始化ToolItemWidget
20 INFO E:\王永健\王永健的文件夹\IntegratedProjects\ComputerHousekeeper\Tool.py Tool.py listWidget_tool_updata 53 2021-09-04 20:17:38,824 10308 MainThread 7556 Tool.listWidget_tool更新
20 INFO E:\王永健\王永健的文件夹\IntegratedProjects\ComputerHousekeeper\Tool.py Tool.py __init__ 33 2021-09-04 20:17:38,824 10308 MainThread 7556 初始化Tool窗口
20 INFO E:\王永健\王永健的文件夹\IntegratedProjects\ComputerHousekeeper\About.py About.py __init__ 19 2021-09-04 20:17:39,356 10308 MainThread 7556 初始化About窗口
20 INFO E:\王永健\王永健的文件夹\IntegratedProjects\ComputerHousekeeper\More.py More.py __init__ 26 2021-09-04 20:17:39,375 10308 MainThread 7556 初始化More窗口
20 INFO E:\王永健\王永健的文件夹\IntegratedProjects\ComputerHousekeeper\ComputerHousekeeper.py ComputerHousekeeper.py __init__ 48 2021-09-04 20:17:39,647 10308 MainThread 7556 初始化ComputerHousekeeper窗口
20 INFO E:\王永健\王永健的文件夹\IntegratedProjects\ComputerHousekeeper\ComputerHousekeeper.py ComputerHousekeeper.py resizeEvent 115 2021-09-04 20:17:39,942 10308 MainThread 7556 ComputerHousekeeper大小改变
20 INFO E:\王永健\王永健的文件夹\IntegratedProjects\ComputerHousekeeper\Task.py Task.py resizeEvent 63 2021-09-04 20:17:39,995 10308 MainThread 7556 Task大小改变
20 INFO E:\王永健\王永健的文件夹\IntegratedProjects\ComputerHousekeeper\ComputerHousekeeper.py ComputerHousekeeper.py <module> 126 2021-09-04 20:17:40,035 10308 MainThread 7556 显示ComputerHousekeeper窗口
20 INFO E:\王永健\王永健的文件夹\IntegratedProjects\ComputerHousekeeper\ComputerHousekeeper.py ComputerHousekeeper.py show_panel 57 2021-09-04 20:17:44,930 10308 MainThread 7556 切换ComputerHousekeeper界面
20 INFO E:\王永健\王永健的文件夹\IntegratedProjects\ComputerHousekeeper\Tool.py Tool.py resizeEvent 57 2021-09-04 20:17:45,341 10308 MainThread 7556 Tool大小改变
20 INFO E:\王永健\王永健的文件夹\IntegratedProjects\ComputerHousekeeper\ComputerHousekeeper.py ComputerHousekeeper.py show_panel 57 2021-09-04 20:17:45,341 10308 MainThread 7556 切换ComputerHousekeeper界面
20 INFO E:\王永健\王永健的文件夹\IntegratedProjects\ComputerHousekeeper\More.py More.py resizeEvent 54 2021-09-04 20:17:46,724 10308 MainThread 7556 More窗口大小改变
20 INFO E:\王永健\王永健的文件夹\IntegratedProjects\ComputerHousekeeper\ComputerHousekeeper.py ComputerHousekeeper.py show_panel 57 2021-09-04 20:17:47,034 10308 MainThread 7556 切换ComputerHousekeeper界面
20 INFO E:\王永健\王永健的文件夹\IntegratedProjects\ComputerHousekeeper\More.py More.py show_panel 34 2021-09-04 20:17:48,525 10308 MainThread 7556 切换More界面
20 INFO E:\王永健\王永健的文件夹\IntegratedProjects\ComputerHousekeeper\More.py More.py show_panel 34 2021-09-04 20:17:48,825 10308 MainThread 7556 切换More界面
20 INFO E:\王永健\王永健的文件夹\IntegratedProjects\ComputerHousekeeper\More.py More.py show_panel 34 2021-09-04 20:17:49,018 10308 MainThread 7556 切换More界面
20 INFO E:\王永健\王永健的文件夹\IntegratedProjects\ComputerHousekeeper\More.py More.py show_panel 34 2021-09-04 20:17:49,220 10308 MainThread 7556 切换More界面
20 INFO E:\王永健\王永健的文件夹\IntegratedProjects\ComputerHousekeeper\More.py More.py show_panel 34 2021-09-04 20:17:49,665 10308 MainThread 7556 切换More界面
20 INFO E:\王永健\王永健的文件夹\IntegratedProjects\ComputerHousekeeper\ComputerHousekeeper.py ComputerHousekeeper.py show_panel 57 2021-09-04 20:17:50,206 10308 MainThread 7556 切换ComputerHousekeeper界面
20 INFO E:\王永健\王永健的文件夹\IntegratedProjects\ComputerHousekeeper\Tool.py Tool.py start_tool 68 2021-09-04 20:17:58,069 10308 MainThread 7556 Tool打开工具
20 INFO E:\王永健\王永健的文件夹\IntegratedProjects\ComputerHousekeeper\Tool.py Tool.py listWIdget_tool_showrightmenu 41 2021-09-04 20:17:58,080 10308 MainThread 7556 Tool.listWidget_tool右键菜单
20 INFO E:\王永健\王永健的文件夹\IntegratedProjects\ComputerHousekeeper\ComputerHousekeeper.py ComputerHousekeeper.py start_tool 69 2021-09-04 20:18:07,043 10308 MainThread 7556 ComputerHousekeeper打开工具
20 INFO E:\王永健\王永健的文件夹\IntegratedProjects\ComputerHousekeeper\Task.py Task.py show_tool 32 2021-09-04 20:18:13,725 10308 MainThread 7556 显示Task工具
20 INFO E:\王永健\王永健的文件夹\IntegratedProjects\ComputerHousekeeper\Task.py Task.py listWidget_name_showrightmenu 42 2021-09-04 20:18:15,365 10308 MainThread 7556 Task.listWidget_name右键菜单
